================================================================================
./sem00013.c

Passed! ./sem00013.c

================================================================================

================================================================================
./sem00004.c

Passed! ./sem00004.c

================================================================================

================================================================================
./semantic_increment_success.c

Passed! ./semantic_increment_success.c

================================================================================

================================================================================
./sem00015.c

Expected 0 got 0

================================================================================

================================================================================
./sem00002.c

Passed! ./sem00002.c

================================================================================

================================================================================
./correct_assignment_from_func.c

Passed! ./correct_assignment_from_func.c

================================================================================

================================================================================
./semantic_decriment_success.c

Passed! ./semantic_decriment_success.c

================================================================================

================================================================================
./semantic_division_check_succsess.c

Passed! ./semantic_division_check_succsess.c

================================================================================

================================================================================
./sem00012.c

Expected 0 got 0

================================================================================

================================================================================
./semantic_formal_param_success_1.c

Passed! ./semantic_formal_param_success_1.c

================================================================================

================================================================================
./semantic_variable_redeclaration.c

Passed! ./semantic_variable_redeclaration.c

================================================================================

================================================================================
./semantic_function_declaration_redeclaration.c

Expected 0 got 0

================================================================================

================================================================================
./sem00009.c

Passed! ./sem00009.c

================================================================================

================================================================================
./semantic_formal_param_success_3.c

Passed! ./semantic_formal_param_success_3.c

================================================================================

================================================================================
./sem00016.c

Expected 0 got 0

================================================================================

================================================================================
./semantic_modulo_check_succsess.c

Passed! ./semantic_modulo_check_succsess.c

================================================================================

================================================================================
./semantic_multiplication_check_succsess.c

Passed! ./semantic_multiplication_check_succsess.c

================================================================================

================================================================================
./sem00014.c

Passed! ./sem00014.c

================================================================================

================================================================================
./semantic_subtraction_check_succsess.c

Passed! ./semantic_subtraction_check_succsess.c

================================================================================

================================================================================
./semantic_formal_param_return_success.c

Passed! ./semantic_formal_param_return_success.c

================================================================================

================================================================================
./sem00001.c

Passed! ./sem00001.c

================================================================================

================================================================================
./semantic_formal_param_success_4.c

Expected 0 got 0

================================================================================

================================================================================
./semantic_structure_defintion_redeclaration.c

Expected 0 got 0

================================================================================

================================================================================
./correct_return_in_func.c

Passed! ./correct_return_in_func.c

================================================================================

================================================================================
./sem00011.c

Passed! ./sem00011.c

================================================================================

================================================================================
./semantic_formal_param_success_2.c

Passed! ./semantic_formal_param_success_2.c

================================================================================

================================================================================
./semantic_function_defintion_redeclaration.c

Expected 0 got 0

================================================================================

================================================================================
./sem00003.c

Passed! ./sem00003.c

================================================================================

================================================================================
./correct_param_types.c

Passed! ./correct_param_types.c

================================================================================

================================================================================
./semantic_addition_check_succsess.c

Passed! ./semantic_addition_check_succsess.c

================================================================================

