~/compiler/c113c-test-programs/Semantic_Tests ~/compiler
================================================================================
./sem00013.c

Opening: ./sem00013.c
Passed! ./sem00013.c

================================================================================

================================================================================
./sem00004.c

Opening: ./sem00004.c
Passed! ./sem00004.c

================================================================================

================================================================================
./semantic_increment_success.c

Opening: ./semantic_increment_success.c
Passed! ./semantic_increment_success.c

================================================================================

================================================================================
./sem00015.c


================================================================================

================================================================================
./sem00002.c

Opening: ./sem00002.c
Passed! ./sem00002.c

================================================================================

================================================================================
./correct_assignment_from_func.c

Opening: ./correct_assignment_from_func.c
Passed! ./correct_assignment_from_func.c

================================================================================

================================================================================
./semantic_decriment_success.c

Opening: ./semantic_decriment_success.c
Passed! ./semantic_decriment_success.c

================================================================================

================================================================================
./semantic_division_check_succsess.c

Opening: ./semantic_division_check_succsess.c
Passed! ./semantic_division_check_succsess.c

================================================================================

================================================================================
./sem00012.c


================================================================================

================================================================================
./semantic_formal_param_success_1.c

Opening: ./semantic_formal_param_success_1.c
Passed! ./semantic_formal_param_success_1.c

================================================================================

================================================================================
./semantic_variable_redeclaration.c

Opening: ./semantic_variable_redeclaration.c
Passed! ./semantic_variable_redeclaration.c

================================================================================

================================================================================
./semantic_function_declaration_redeclaration.c


================================================================================

================================================================================
./sem00009.c

Opening: ./sem00009.c
Passed! ./sem00009.c

================================================================================

================================================================================
./semantic_formal_param_success_3.c

Opening: ./semantic_formal_param_success_3.c
Passed! ./semantic_formal_param_success_3.c

================================================================================

================================================================================
./sem00016.c


================================================================================

================================================================================
./semantic_modulo_check_succsess.c

Opening: ./semantic_modulo_check_succsess.c
Passed! ./semantic_modulo_check_succsess.c

================================================================================

================================================================================
./semantic_multiplication_check_succsess.c

Opening: ./semantic_multiplication_check_succsess.c
Passed! ./semantic_multiplication_check_succsess.c

================================================================================

================================================================================
./sem00014.c

Opening: ./sem00014.c
Passed! ./sem00014.c

================================================================================

================================================================================
./semantic_subtraction_check_succsess.c

Opening: ./semantic_subtraction_check_succsess.c
Passed! ./semantic_subtraction_check_succsess.c

================================================================================

================================================================================
./semantic_formal_param_return_success.c

Opening: ./semantic_formal_param_return_success.c
Passed! ./semantic_formal_param_return_success.c

================================================================================

================================================================================
./sem00001.c

Opening: ./sem00001.c
Passed! ./sem00001.c

================================================================================

================================================================================
./semantic_formal_param_success_4.c


================================================================================

================================================================================
./semantic_structure_defintion_redeclaration.c


================================================================================

================================================================================
./correct_return_in_func.c

Opening: ./correct_return_in_func.c
Passed! ./correct_return_in_func.c

================================================================================

================================================================================
./sem00011.c

Opening: ./sem00011.c
Passed! ./sem00011.c

================================================================================

================================================================================
./semantic_formal_param_success_2.c

Opening: ./semantic_formal_param_success_2.c
Passed! ./semantic_formal_param_success_2.c

================================================================================

================================================================================
./semantic_function_defintion_redeclaration.c


================================================================================

================================================================================
./sem00003.c

Opening: ./sem00003.c
Passed! ./sem00003.c

================================================================================

================================================================================
./correct_param_types.c

Opening: ./correct_param_types.c
Passed! ./correct_param_types.c

================================================================================

================================================================================
./semantic_addition_check_succsess.c

Opening: ./semantic_addition_check_succsess.c
Passed! ./semantic_addition_check_succsess.c

================================================================================

